2022-12-17 18:04:36.329  INFO 8580 --- [restartedMain] g.e.mscartoes.MscartoesApplication       : Starting MscartoesApplication using Java 11.0.15 on DESKTOP-T11O22S with PID 8580 (C:\Users\agron\Downloads\Documents\microsserviços\mscartoes\target\classes started by agron in C:\Users\agron\Downloads\Documents\microsserviços\mscartoes)
2022-12-17 18:04:36.335  INFO 8580 --- [restartedMain] g.e.mscartoes.MscartoesApplication       : No active profile set, falling back to 1 default profile: "default"
2022-12-17 18:04:36.692  INFO 8580 --- [restartedMain] .e.DevToolsPropertyDefaultsPostProcessor : Devtools property defaults active! Set 'spring.devtools.add-properties' to 'false' to disable
2022-12-17 18:04:36.693  INFO 8580 --- [restartedMain] .e.DevToolsPropertyDefaultsPostProcessor : For additional web related logging consider setting the 'logging.level.web' property to 'DEBUG'
2022-12-17 18:04:50.159  INFO 8580 --- [restartedMain] .s.d.r.c.RepositoryConfigurationDelegate : Bootstrapping Spring Data JPA repositories in DEFAULT mode.
2022-12-17 18:04:51.951  INFO 8580 --- [restartedMain] .s.d.r.c.RepositoryConfigurationDelegate : Finished Spring Data repository scanning in 1739 ms. Found 2 JPA repository interfaces.
2022-12-17 18:04:55.300  INFO 8580 --- [restartedMain] o.s.cloud.context.scope.GenericScope     : BeanFactory id=2f549cf4-6c59-31d8-9552-cc8df8bc1553
2022-12-17 18:05:06.280  INFO 8580 --- [restartedMain] o.s.b.w.embedded.tomcat.TomcatWebServer  : Tomcat initialized with port(s): 0 (http)
2022-12-17 18:05:06.411  INFO 8580 --- [restartedMain] o.apache.catalina.core.StandardService   : Starting service [Tomcat]
2022-12-17 18:05:06.415  INFO 8580 --- [restartedMain] org.apache.catalina.core.StandardEngine  : Starting Servlet engine: [Apache Tomcat/9.0.60]
2022-12-17 18:05:07.310  INFO 8580 --- [restartedMain] o.a.c.c.C.[Tomcat].[localhost].[/]       : Initializing Spring embedded WebApplicationContext
2022-12-17 18:05:07.314  INFO 8580 --- [restartedMain] w.s.c.ServletWebServerApplicationContext : Root WebApplicationContext: initialization completed in 30617 ms
2022-12-17 18:05:08.207  INFO 8580 --- [restartedMain] com.zaxxer.hikari.HikariDataSource       : HikariPool-1 - Starting...
2022-12-17 18:05:11.492  INFO 8580 --- [restartedMain] com.zaxxer.hikari.HikariDataSource       : HikariPool-1 - Start completed.
2022-12-17 18:05:11.827  INFO 8580 --- [restartedMain] o.s.b.a.h2.H2ConsoleAutoConfiguration    : H2 console available at '/h2-console'. Database available at 'jdbc:h2:mem:dae216fc-0848-48ec-9e21-05f508bf9ecb'
2022-12-17 18:05:14.889  INFO 8580 --- [restartedMain] o.hibernate.jpa.internal.util.LogHelper  : HHH000204: Processing PersistenceUnitInfo [name: default]
2022-12-17 18:05:15.300  INFO 8580 --- [restartedMain] org.hibernate.Version                    : HHH000412: Hibernate ORM core version 5.6.7.Final
2022-12-17 18:05:16.250  INFO 8580 --- [restartedMain] o.hibernate.annotations.common.Version   : HCANN000001: Hibernate Commons Annotations {5.1.2.Final}
2022-12-17 18:05:16.932  INFO 8580 --- [restartedMain] org.hibernate.dialect.Dialect            : HHH000400: Using dialect: org.hibernate.dialect.H2Dialect
2022-12-17 18:05:24.719  INFO 8580 --- [restartedMain] o.h.e.t.j.p.i.JtaPlatformInitiator       : HHH000490: Using JtaPlatform implementation: [org.hibernate.engine.transaction.jta.platform.internal.NoJtaPlatform]
2022-12-17 18:05:24.870  INFO 8580 --- [restartedMain] j.LocalContainerEntityManagerFactoryBean : Initialized JPA EntityManagerFactory for persistence unit 'default'
2022-12-17 18:05:29.907  WARN 8580 --- [restartedMain] JpaBaseConfiguration$JpaWebConfiguration : spring.jpa.open-in-view is enabled by default. Therefore, database queries may be performed during view rendering. Explicitly configure spring.jpa.open-in-view to disable this warning
2022-12-17 18:05:41.301  WARN 8580 --- [restartedMain] o.s.b.d.a.OptionalLiveReloadServer       : Unable to start LiveReload server
2022-12-17 18:05:42.654  INFO 8580 --- [restartedMain] DiscoveryClientOptionalArgsConfiguration : Eureka HTTP Client uses RestTemplate.
2022-12-17 18:05:43.009  WARN 8580 --- [restartedMain] iguration$LoadBalancerCaffeineWarnLogger : Spring Cloud LoadBalancer is currently working with the default cache. While this cache implementation is useful for development and tests, it's recommended to use Caffeine cache in production.You can switch to using Caffeine cache, by adding it and org.springframework.cache.caffeine.CaffeineCacheManager to the classpath.
2022-12-17 18:05:43.035  INFO 8580 --- [restartedMain] o.s.b.a.e.web.EndpointLinksResolver      : Exposing 17 endpoint(s) beneath base path '/actuator'
2022-12-17 18:05:43.468  INFO 8580 --- [restartedMain] o.s.b.w.embedded.tomcat.TomcatWebServer  : Tomcat started on port(s): 61938 (http) with context path ''
2022-12-17 18:05:43.474  INFO 8580 --- [restartedMain] .s.c.n.e.s.EurekaAutoServiceRegistration : Updating port to 61938
2022-12-17 18:05:43.503  INFO 8580 --- [restartedMain] o.s.c.n.eureka.InstanceInfoFactory       : Setting initial instance status as: STARTING
2022-12-17 18:05:43.905  INFO 8580 --- [restartedMain] com.netflix.discovery.DiscoveryClient    : Initializing Eureka in region us-east-1
2022-12-17 18:05:43.927  INFO 8580 --- [restartedMain] c.n.d.s.r.aws.ConfigClusterResolver      : Resolving eureka endpoints via configuration
2022-12-17 18:05:44.016  INFO 8580 --- [restartedMain] com.netflix.discovery.DiscoveryClient    : Disable delta property : false
2022-12-17 18:05:44.017  INFO 8580 --- [restartedMain] com.netflix.discovery.DiscoveryClient    : Single vip registry refresh property : null
2022-12-17 18:05:44.017  INFO 8580 --- [restartedMain] com.netflix.discovery.DiscoveryClient    : Force full registry fetch : false
2022-12-17 18:05:44.018  INFO 8580 --- [restartedMain] com.netflix.discovery.DiscoveryClient    : Application is null : false
2022-12-17 18:05:44.018  INFO 8580 --- [restartedMain] com.netflix.discovery.DiscoveryClient    : Registered Applications size is zero : true
2022-12-17 18:05:44.019  INFO 8580 --- [restartedMain] com.netflix.discovery.DiscoveryClient    : Application version is -1: true
2022-12-17 18:05:44.020  INFO 8580 --- [restartedMain] com.netflix.discovery.DiscoveryClient    : Getting all instance registry info from the eureka server
2022-12-17 18:05:45.270  INFO 8580 --- [restartedMain] com.netflix.discovery.DiscoveryClient    : The response status is 200
2022-12-17 18:05:45.279  INFO 8580 --- [restartedMain] com.netflix.discovery.DiscoveryClient    : Starting heartbeat executor: renew interval is: 30
2022-12-17 18:05:45.288  INFO 8580 --- [restartedMain] c.n.discovery.InstanceInfoReplicator     : InstanceInfoReplicator onDemand update allowed rate per min is 4
2022-12-17 18:05:45.303  INFO 8580 --- [restartedMain] com.netflix.discovery.DiscoveryClient    : Discovery Client initialized at timestamp 1671311145300 with initial instances count: 2
2022-12-17 18:05:45.310  INFO 8580 --- [restartedMain] o.s.c.n.e.s.EurekaServiceRegistry        : Registering application MSCARTOES with eureka with status UP
2022-12-17 18:05:45.312  INFO 8580 --- [restartedMain] com.netflix.discovery.DiscoveryClient    : Saw local status change event StatusChangeEvent [timestamp=1671311145312, current=UP, previous=STARTING]
2022-12-17 18:05:45.318  INFO 8580 --- [DiscoveryClient-InstanceInfoReplicator-0] com.netflix.discovery.DiscoveryClient    : DiscoveryClient_MSCARTOES/mscartoes:39cb92e31f0ce7769d6afbd7a6a17ac8: registering service...
2022-12-17 18:05:45.607  INFO 8580 --- [DiscoveryClient-InstanceInfoReplicator-0] com.netflix.discovery.DiscoveryClient    : DiscoveryClient_MSCARTOES/mscartoes:39cb92e31f0ce7769d6afbd7a6a17ac8 - registration status: 204
2022-12-17 18:05:46.472  INFO 8580 --- [restartedMain] o.s.a.r.c.CachingConnectionFactory       : Attempting to connect to: [localhost:5672]
2022-12-17 18:05:46.786  INFO 8580 --- [restartedMain] o.s.a.r.c.CachingConnectionFactory       : Created new connection: rabbitConnectionFactory#760c7949:0/SimpleConnection@11882b47 [delegate=amqp://guest@127.0.0.1:5672/, localPort= 61943]
2022-12-17 18:05:47.043  INFO 8580 --- [restartedMain] g.e.mscartoes.MscartoesApplication       : Started MscartoesApplication in 80.018 seconds (JVM running for 85.508)
2022-12-17 18:07:20.409  INFO 8580 --- [http-nio-auto-1-exec-1] o.a.c.c.C.[Tomcat].[localhost].[/]       : Initializing Spring DispatcherServlet 'dispatcherServlet'
2022-12-17 18:07:20.410  INFO 8580 --- [http-nio-auto-1-exec-1] o.s.web.servlet.DispatcherServlet        : Initializing Servlet 'dispatcherServlet'
2022-12-17 18:07:20.416  INFO 8580 --- [http-nio-auto-1-exec-1] o.s.web.servlet.DispatcherServlet        : Completed initialization in 5 ms
