2022-12-17 18:04:22.265  INFO 15368 --- [restartedMain] g.e.m.MsavaliadorcreditoApplication      : Starting MsavaliadorcreditoApplication using Java 11.0.15 on DESKTOP-T11O22S with PID 15368 (C:\Users\agron\Downloads\Documents\microsserviços\msavaliadorcredito\target\classes started by agron in C:\Users\agron\Downloads\Documents\microsserviços\msavaliadorcredito)
2022-12-17 18:04:22.270  INFO 15368 --- [restartedMain] g.e.m.MsavaliadorcreditoApplication      : No active profile set, falling back to 1 default profile: "default"
2022-12-17 18:04:22.594  INFO 15368 --- [restartedMain] .e.DevToolsPropertyDefaultsPostProcessor : Devtools property defaults active! Set 'spring.devtools.add-properties' to 'false' to disable
2022-12-17 18:04:22.596  INFO 15368 --- [restartedMain] .e.DevToolsPropertyDefaultsPostProcessor : For additional web related logging consider setting the 'logging.level.web' property to 'DEBUG'
2022-12-17 18:04:33.809  INFO 15368 --- [restartedMain] o.s.cloud.context.scope.GenericScope     : BeanFactory id=6459c559-5e89-3f55-995d-bab4f9fd5731
2022-12-17 18:04:42.510  INFO 15368 --- [restartedMain] o.s.b.w.embedded.tomcat.TomcatWebServer  : Tomcat initialized with port(s): 0 (http)
2022-12-17 18:04:42.561  INFO 15368 --- [restartedMain] o.apache.catalina.core.StandardService   : Starting service [Tomcat]
2022-12-17 18:04:42.563  INFO 15368 --- [restartedMain] org.apache.catalina.core.StandardEngine  : Starting Servlet engine: [Apache Tomcat/9.0.60]
2022-12-17 18:04:44.097  INFO 15368 --- [restartedMain] o.a.c.c.C.[Tomcat].[localhost].[/]       : Initializing Spring embedded WebApplicationContext
2022-12-17 18:04:44.099  INFO 15368 --- [restartedMain] w.s.c.ServletWebServerApplicationContext : Root WebApplicationContext: initialization completed in 21501 ms
2022-12-17 18:04:55.064  WARN 15368 --- [restartedMain] o.s.b.d.a.OptionalLiveReloadServer       : Unable to start LiveReload server
2022-12-17 18:04:55.432  INFO 15368 --- [restartedMain] o.s.c.openfeign.FeignClientFactoryBean   : For 'msclientes' URL not provided. Will try picking an instance via load-balancing.
2022-12-17 18:04:56.762  INFO 15368 --- [restartedMain] o.s.c.openfeign.FeignClientFactoryBean   : For 'mscartoes' URL not provided. Will try picking an instance via load-balancing.
2022-12-17 18:05:16.968  INFO 15368 --- [restartedMain] DiscoveryClientOptionalArgsConfiguration : Eureka HTTP Client uses RestTemplate.
2022-12-17 18:05:18.658  WARN 15368 --- [restartedMain] iguration$LoadBalancerCaffeineWarnLogger : Spring Cloud LoadBalancer is currently working with the default cache. While this cache implementation is useful for development and tests, it's recommended to use Caffeine cache in production.You can switch to using Caffeine cache, by adding it and org.springframework.cache.caffeine.CaffeineCacheManager to the classpath.
2022-12-17 18:05:18.730  INFO 15368 --- [restartedMain] o.s.b.a.e.web.EndpointLinksResolver      : Exposing 17 endpoint(s) beneath base path '/actuator'
2022-12-17 18:05:19.249  INFO 15368 --- [restartedMain] o.s.b.w.embedded.tomcat.TomcatWebServer  : Tomcat started on port(s): 61925 (http) with context path ''
2022-12-17 18:05:19.252  INFO 15368 --- [restartedMain] .s.c.n.e.s.EurekaAutoServiceRegistration : Updating port to 61925
2022-12-17 18:05:19.369  INFO 15368 --- [restartedMain] o.s.c.n.eureka.InstanceInfoFactory       : Setting initial instance status as: STARTING
2022-12-17 18:05:20.296  INFO 15368 --- [restartedMain] com.netflix.discovery.DiscoveryClient    : Initializing Eureka in region us-east-1
2022-12-17 18:05:20.322  INFO 15368 --- [restartedMain] c.n.d.s.r.aws.ConfigClusterResolver      : Resolving eureka endpoints via configuration
2022-12-17 18:05:20.425  INFO 15368 --- [restartedMain] com.netflix.discovery.DiscoveryClient    : Disable delta property : false
2022-12-17 18:05:20.429  INFO 15368 --- [restartedMain] com.netflix.discovery.DiscoveryClient    : Single vip registry refresh property : null
2022-12-17 18:05:20.429  INFO 15368 --- [restartedMain] com.netflix.discovery.DiscoveryClient    : Force full registry fetch : false
2022-12-17 18:05:20.432  INFO 15368 --- [restartedMain] com.netflix.discovery.DiscoveryClient    : Application is null : false
2022-12-17 18:05:20.433  INFO 15368 --- [restartedMain] com.netflix.discovery.DiscoveryClient    : Registered Applications size is zero : true
2022-12-17 18:05:20.433  INFO 15368 --- [restartedMain] com.netflix.discovery.DiscoveryClient    : Application version is -1: true
2022-12-17 18:05:20.434  INFO 15368 --- [restartedMain] com.netflix.discovery.DiscoveryClient    : Getting all instance registry info from the eureka server
2022-12-17 18:05:24.565  INFO 15368 --- [restartedMain] com.netflix.discovery.DiscoveryClient    : The response status is 200
2022-12-17 18:05:24.577  INFO 15368 --- [restartedMain] com.netflix.discovery.DiscoveryClient    : Starting heartbeat executor: renew interval is: 30
2022-12-17 18:05:24.656  INFO 15368 --- [restartedMain] c.n.discovery.InstanceInfoReplicator     : InstanceInfoReplicator onDemand update allowed rate per min is 4
2022-12-17 18:05:24.684  INFO 15368 --- [restartedMain] com.netflix.discovery.DiscoveryClient    : Discovery Client initialized at timestamp 1671311124681 with initial instances count: 1
2022-12-17 18:05:24.690  INFO 15368 --- [restartedMain] o.s.c.n.e.s.EurekaServiceRegistry        : Registering application MSAVALIADORCREDITO with eureka with status UP
2022-12-17 18:05:24.692  INFO 15368 --- [restartedMain] com.netflix.discovery.DiscoveryClient    : Saw local status change event StatusChangeEvent [timestamp=1671311124692, current=UP, previous=STARTING]
2022-12-17 18:05:24.956  INFO 15368 --- [DiscoveryClient-InstanceInfoReplicator-0] com.netflix.discovery.DiscoveryClient    : DiscoveryClient_MSAVALIADORCREDITO/msavaliadorcredito:20ecb8c0cdd43da3a7e18d4861dc1248: registering service...
2022-12-17 18:05:25.914  INFO 15368 --- [DiscoveryClient-InstanceInfoReplicator-0] com.netflix.discovery.DiscoveryClient    : DiscoveryClient_MSAVALIADORCREDITO/msavaliadorcredito:20ecb8c0cdd43da3a7e18d4861dc1248 - registration status: 204
2022-12-17 18:05:29.914  INFO 15368 --- [restartedMain] g.e.m.MsavaliadorcreditoApplication      : Started MsavaliadorcreditoApplication in 72.37 seconds (JVM running for 75.987)
2022-12-17 18:07:01.584  INFO 15368 --- [http-nio-auto-1-exec-1] o.a.c.c.C.[Tomcat].[localhost].[/]       : Initializing Spring DispatcherServlet 'dispatcherServlet'
2022-12-17 18:07:01.587  INFO 15368 --- [http-nio-auto-1-exec-1] o.s.web.servlet.DispatcherServlet        : Initializing Servlet 'dispatcherServlet'
2022-12-17 18:07:01.593  INFO 15368 --- [http-nio-auto-1-exec-1] o.s.web.servlet.DispatcherServlet        : Completed initialization in 4 ms
